2025-01-06 02:36:32,109 - ERROR - 予期せぬエラーが発生しました：name 'input_filename' is not defined
2025-01-06 02:43:17,676 - DEBUG - Starting new HTTPS connection (1): api.openbd.jp:443
2025-01-06 02:43:17,791 - DEBUG - https://api.openbd.jp:443 "GET /v1/get?json=%5B%7B%22title%22:%2213%E9%9A%8E%E6%AE%B5%22,%22author%22:%22%E9%AB%98%E9%87%8E%E5%92%8C%E6%98%8E%22%7D%5D HTTP/1.1" 200 None
2025-01-06 02:43:17,791 - DEBUG - OpenBD: No data found for 13階段 by 高野和明
2025-01-06 02:43:17,793 - DEBUG - Starting new HTTPS connection (1): www.googleapis.com:443
2025-01-06 02:43:18,503 - DEBUG - https://www.googleapis.com:443 "GET /books/v1/volumes?q=intitle:13%E9%9A%8E%E6%AE%B5+inauthor:%E9%AB%98%E9%87%8E%E5%92%8C%E6%98%8E HTTP/1.1" 200 None
2025-01-06 02:43:18,505 - INFO - Google Books: Found ISBN-10 406274838X
2025-01-06 02:43:19,514 - DEBUG - Starting new HTTPS connection (1): api.openbd.jp:443
2025-01-06 02:43:19,555 - DEBUG - https://api.openbd.jp:443 "GET /v1/get?json=%5B%7B%22title%22:%221R1%E5%88%8634%E7%A7%92%22,%22author%22:%22%E7%94%BA%E5%B1%8B%E8%89%AF%E5%B9%B3%22%7D%5D HTTP/1.1" 200 None
2025-01-06 02:43:19,556 - DEBUG - OpenBD: No data found for 1R1分34秒 by 町屋良平
2025-01-06 02:43:19,559 - DEBUG - Starting new HTTPS connection (1): www.googleapis.com:443
2025-01-06 02:43:20,053 - DEBUG - https://www.googleapis.com:443 "GET /books/v1/volumes?q=intitle:1R1%E5%88%8634%E7%A7%92+inauthor:%E7%94%BA%E5%B1%8B%E8%89%AF%E5%B9%B3 HTTP/1.1" 200 None
2025-01-06 02:43:20,054 - DEBUG - Starting new HTTPS connection (1): iss.ndl.go.jp:443
2025-01-06 02:43:20,293 - DEBUG - https://iss.ndl.go.jp:443 "GET /api/opensearch?cnt=20&dpid=iss-ndl-opac&title=1R1%E5%88%8634%E7%A7%92&creator=%E7%94%BA%E5%B1%8B%E8%89%AF%E5%B9%B3 HTTP/1.1" 303 0
2025-01-06 02:43:20,296 - DEBUG - Starting new HTTPS connection (1): ndlsearch.ndl.go.jp:443
2025-01-06 02:43:20,880 - DEBUG - https://ndlsearch.ndl.go.jp:443 "GET /api/opensearch?cnt=20&dpid=iss-ndl-opac&title=1R1%E5%88%8634%E7%A7%92&creator=%E7%94%BA%E5%B1%8B%E8%89%AF%E5%B9%B3 HTTP/1.1" 200 None
2025-01-06 02:43:21,965 - DEBUG - Starting new HTTPS connection (1): api.openbd.jp:443
2025-01-06 02:43:22,235 - DEBUG - https://api.openbd.jp:443 "GET /v1/get?json=%5B%7B%22title%22:%224TEEN%20%E3%83%95%E3%82%A9%E3%83%BC%E3%83%86%E3%82%A3%E3%83%BC%E3%83%B3%22,%22author%22:%22%E7%9F%B3%E7%94%B0%E8%A1%A3%E8%89%AF%22%7D%5D HTTP/1.1" 200 None
2025-01-06 02:43:22,237 - DEBUG - OpenBD: No data found for 4TEEN フォーティーン by 石田衣良
2025-01-06 02:43:22,242 - DEBUG - Starting new HTTPS connection (1): www.googleapis.com:443
2025-01-06 02:43:22,767 - DEBUG - https://www.googleapis.com:443 "GET /books/v1/volumes?q=intitle:4TEEN%20%E3%83%95%E3%82%A9%E3%83%BC%E3%83%86%E3%82%A3%E3%83%BC%E3%83%B3+inauthor:%E7%9F%B3%E7%94%B0%E8%A1%A3%E8%89%AF HTTP/1.1" 200 None
2025-01-06 02:43:22,791 - DEBUG - Starting new HTTPS connection (1): iss.ndl.go.jp:443
2025-01-06 02:43:22,898 - DEBUG - https://iss.ndl.go.jp:443 "GET /api/opensearch?cnt=20&dpid=iss-ndl-opac&title=4TEEN%20%E3%83%95%E3%82%A9%E3%83%BC%E3%83%86%E3%82%A3%E3%83%BC%E3%83%B3&creator=%E7%9F%B3%E7%94%B0%E8%A1%A3%E8%89%AF HTTP/1.1" 303 0
2025-01-06 02:43:22,899 - DEBUG - Starting new HTTPS connection (1): ndlsearch.ndl.go.jp:443
2025-01-06 02:43:25,082 - DEBUG - https://ndlsearch.ndl.go.jp:443 "GET /api/opensearch?cnt=20&dpid=iss-ndl-opac&title=4TEEN%20%E3%83%95%E3%82%A9%E3%83%BC%E3%83%86%E3%82%A3%E3%83%BC%E3%83%B3&creator=%E7%9F%B3%E7%94%B0%E8%A1%A3%E8%89%AF HTTP/1.1" 200 None
2025-01-06 02:43:26,377 - DEBUG - Starting new HTTPS connection (1): api.openbd.jp:443
2025-01-06 02:43:26,484 - DEBUG - https://api.openbd.jp:443 "GET /v1/get?json=%5B%7B%22title%22:%2252%E3%83%98%E3%83%AB%E3%83%84%E3%81%AE%E3%82%AF%E3%82%B8%E3%83%A9%E3%81%9F%E3%81%A1%22,%22author%22:%22%E7%94%BA%E7%94%B0%E3%81%9D%E3%81%AE%E3%81%93%22%7D%5D HTTP/1.1" 200 None
2025-01-06 02:43:26,487 - DEBUG - OpenBD: No data found for 52ヘルツのクジラたち by 町田そのこ
2025-01-06 02:43:26,490 - DEBUG - Starting new HTTPS connection (1): www.googleapis.com:443
2025-01-06 02:43:27,048 - DEBUG - https://www.googleapis.com:443 "GET /books/v1/volumes?q=intitle:52%E3%83%98%E3%83%AB%E3%83%84%E3%81%AE%E3%82%AF%E3%82%B8%E3%83%A9%E3%81%9F%E3%81%A1+inauthor:%E7%94%BA%E7%94%B0%E3%81%9D%E3%81%AE%E3%81%93 HTTP/1.1" 200 None
2025-01-06 02:43:27,050 - INFO - Google Books: Found ISBN-10 4122073707
2025-01-06 02:43:28,057 - DEBUG - Starting new HTTPS connection (1): api.openbd.jp:443
2025-01-06 02:43:28,124 - DEBUG - https://api.openbd.jp:443 "GET /v1/get?json=%5B%7B%22title%22:%22GO%22,%22author%22:%22%E9%87%91%E5%9F%8E%E4%B8%80%E7%B4%80%22%7D%5D HTTP/1.1" 200 None
2025-01-06 02:43:28,124 - DEBUG - OpenBD: No data found for GO by 金城一紀
2025-01-06 02:43:28,128 - DEBUG - Starting new HTTPS connection (1): www.googleapis.com:443
2025-01-06 02:43:28,727 - DEBUG - https://www.googleapis.com:443 "GET /books/v1/volumes?q=intitle:GO+inauthor:%E9%87%91%E5%9F%8E%E4%B8%80%E7%B4%80 HTTP/1.1" 200 None
2025-01-06 02:43:28,736 - INFO - Google Books: Found ISBN-10 8937831090
2025-01-06 02:43:29,766 - DEBUG - Starting new HTTPS connection (1): api.openbd.jp:443
2025-01-06 02:43:29,852 - DEBUG - https://api.openbd.jp:443 "GET /v1/get?json=%5B%7B%22title%22:%22QJKJQ%22,%22author%22:%22%E4%BD%90%E8%97%A4%E7%A9%B6%22%7D%5D HTTP/1.1" 200 None
2025-01-06 02:43:29,856 - DEBUG - OpenBD: No data found for QJKJQ by 佐藤究
2025-01-06 02:43:29,886 - DEBUG - Starting new HTTPS connection (1): www.googleapis.com:443
2025-01-06 02:43:30,527 - DEBUG - https://www.googleapis.com:443 "GET /books/v1/volumes?q=intitle:QJKJQ+inauthor:%E4%BD%90%E8%97%A4%E7%A9%B6 HTTP/1.1" 200 None
2025-01-06 02:43:30,528 - INFO - Google Books: Found ISBN-10 4065125901
2025-01-06 02:43:31,736 - DEBUG - Starting new HTTPS connection (1): api.openbd.jp:443
2025-01-06 02:43:31,946 - DEBUG - https://api.openbd.jp:443 "GET /v1/get?json=%5B%7B%22title%22:%22Twelve%20Y%20O%22,%22author%22:%22%E7%A6%8F%E4%BA%95%E6%99%B4%E6%95%8F%22%7D%5D HTTP/1.1" 200 None
2025-01-06 02:43:31,958 - DEBUG - OpenBD: No data found for Twelve Y O by 福井晴敏
2025-01-06 02:43:31,962 - DEBUG - Starting new HTTPS connection (1): www.googleapis.com:443
2025-01-06 02:43:32,562 - DEBUG - https://www.googleapis.com:443 "GET /books/v1/volumes?q=intitle:Twelve%20Y%20O+inauthor:%E7%A6%8F%E4%BA%95%E6%99%B4%E6%95%8F HTTP/1.1" 200 None
2025-01-06 02:43:32,580 - DEBUG - Starting new HTTPS connection (1): iss.ndl.go.jp:443
2025-01-06 02:43:32,668 - DEBUG - https://iss.ndl.go.jp:443 "GET /api/opensearch?cnt=20&dpid=iss-ndl-opac&title=Twelve%20Y%20O&creator=%E7%A6%8F%E4%BA%95%E6%99%B4%E6%95%8F HTTP/1.1" 303 0
2025-01-06 02:43:32,669 - DEBUG - Starting new HTTPS connection (1): ndlsearch.ndl.go.jp:443
2025-01-06 02:43:33,066 - DEBUG - https://ndlsearch.ndl.go.jp:443 "GET /api/opensearch?cnt=20&dpid=iss-ndl-opac&title=Twelve%20Y%20O&creator=%E7%A6%8F%E4%BA%95%E6%99%B4%E6%95%8F HTTP/1.1" 200 None
2025-01-06 02:43:34,080 - DEBUG - Starting new HTTPS connection (1): api.openbd.jp:443
2025-01-06 02:43:34,120 - DEBUG - https://api.openbd.jp:443 "GET /v1/get?json=%5B%7B%22title%22:%22%E3%81%82%E3%81%8B%E3%81%AD%E7%A9%BA%22,%22author%22:%22%E5%B1%B1%E6%9C%AC%E4%B8%80%E5%8A%9B%22%7D%5D HTTP/1.1" 200 None
2025-01-06 02:43:34,121 - DEBUG - OpenBD: No data found for あかね空 by 山本一力
2025-01-06 02:43:34,124 - DEBUG - Starting new HTTPS connection (1): www.googleapis.com:443
2025-01-06 02:43:34,672 - DEBUG - https://www.googleapis.com:443 "GET /books/v1/volumes?q=intitle:%E3%81%82%E3%81%8B%E3%81%AD%E7%A9%BA+inauthor:%E5%B1%B1%E6%9C%AC%E4%B8%80%E5%8A%9B HTTP/1.1" 200 None
2025-01-06 02:43:34,677 - DEBUG - Starting new HTTPS connection (1): iss.ndl.go.jp:443
2025-01-06 02:43:34,774 - DEBUG - https://iss.ndl.go.jp:443 "GET /api/opensearch?cnt=20&dpid=iss-ndl-opac&title=%E3%81%82%E3%81%8B%E3%81%AD%E7%A9%BA&creator=%E5%B1%B1%E6%9C%AC%E4%B8%80%E5%8A%9B HTTP/1.1" 303 0
2025-01-06 02:43:34,862 - DEBUG - Starting new HTTPS connection (1): ndlsearch.ndl.go.jp:443
2025-01-06 02:43:35,048 - DEBUG - https://ndlsearch.ndl.go.jp:443 "GET /api/opensearch?cnt=20&dpid=iss-ndl-opac&title=%E3%81%82%E3%81%8B%E3%81%AD%E7%A9%BA&creator=%E5%B1%B1%E6%9C%AC%E4%B8%80%E5%8A%9B HTTP/1.1" 200 None
2025-01-06 02:43:36,055 - DEBUG - Starting new HTTPS connection (1): api.openbd.jp:443
2025-01-06 02:43:36,093 - DEBUG - https://api.openbd.jp:443 "GET /v1/get?json=%5B%7B%22title%22:%22%E3%81%82%E3%81%95%E3%81%8F%E3%81%95%E3%81%AE%E5%AD%90%E4%BE%9B%22,%22author%22:%22%E9%95%B7%E8%B0%B7%E5%81%A5%22%7D%5D HTTP/1.1" 200 None
2025-01-06 02:43:36,094 - DEBUG - OpenBD: No data found for あさくさの子供 by 長谷健
2025-01-06 02:43:36,095 - DEBUG - Starting new HTTPS connection (1): www.googleapis.com:443
2025-01-06 02:43:36,573 - DEBUG - https://www.googleapis.com:443 "GET /books/v1/volumes?q=intitle:%E3%81%82%E3%81%95%E3%81%8F%E3%81%95%E3%81%AE%E5%AD%90%E4%BE%9B+inauthor:%E9%95%B7%E8%B0%B7%E5%81%A5 HTTP/1.1" 200 None
2025-01-06 02:43:36,574 - DEBUG - Google Books: No data found for あさくさの子供 by 長谷健
2025-01-06 02:43:36,584 - DEBUG - Starting new HTTPS connection (1): iss.ndl.go.jp:443
2025-01-06 02:43:36,666 - DEBUG - https://iss.ndl.go.jp:443 "GET /api/opensearch?cnt=20&dpid=iss-ndl-opac&title=%E3%81%82%E3%81%95%E3%81%8F%E3%81%95%E3%81%AE%E5%AD%90%E4%BE%9B&creator=%E9%95%B7%E8%B0%B7%E5%81%A5 HTTP/1.1" 303 0
2025-01-06 02:43:36,667 - DEBUG - Starting new HTTPS connection (1): ndlsearch.ndl.go.jp:443
2025-01-06 02:43:37,494 - DEBUG - https://ndlsearch.ndl.go.jp:443 "GET /api/opensearch?cnt=20&dpid=iss-ndl-opac&title=%E3%81%82%E3%81%95%E3%81%8F%E3%81%95%E3%81%AE%E5%AD%90%E4%BE%9B&creator=%E9%95%B7%E8%B0%B7%E5%81%A5 HTTP/1.1" 200 None
2025-01-06 02:43:38,511 - DEBUG - Starting new HTTPS connection (1): api.openbd.jp:443
2025-01-06 02:43:38,560 - DEBUG - https://api.openbd.jp:443 "GET /v1/get?json=%5B%7B%22title%22:%22%E3%81%82%E3%81%AE%E5%A4%95%E9%99%BD%22,%22author%22:%22%E6%97%A5%E9%87%8E%E5%95%93%E4%B8%89%22%7D%5D HTTP/1.1" 200 None
2025-01-06 02:43:38,560 - DEBUG - OpenBD: No data found for あの夕陽 by 日野啓三
2025-01-06 02:43:38,561 - DEBUG - Starting new HTTPS connection (1): www.googleapis.com:443
2025-01-06 02:43:39,149 - DEBUG - https://www.googleapis.com:443 "GET /books/v1/volumes?q=intitle:%E3%81%82%E3%81%AE%E5%A4%95%E9%99%BD+inauthor:%E6%97%A5%E9%87%8E%E5%95%93%E4%B8%89 HTTP/1.1" 200 None
2025-01-06 02:43:39,165 - INFO - Google Books: Found ISBN-10 4061983091
2025-01-06 02:43:40,174 - DEBUG - Starting new HTTPS connection (1): api.openbd.jp:443
2025-01-06 02:43:40,213 - DEBUG - https://api.openbd.jp:443 "GET /v1/get?json=%5B%7B%22title%22:%22%E3%81%84%E3%81%A4%E3%81%8B%E6%B1%BD%E7%AC%9B%E3%82%92%E9%B3%B4%E3%82%89%E3%81%97%E3%81%A6%22,%22author%22:%22%E7%95%91%E5%B1%B1%E5%8D%9A%22%7D%5D HTTP/1.1" 200 None
2025-01-06 02:43:40,214 - DEBUG - OpenBD: No data found for いつか汽笛を鳴らして by 畑山博
2025-01-06 02:43:40,229 - DEBUG - Starting new HTTPS connection (1): www.googleapis.com:443
2025-01-06 02:43:40,654 - DEBUG - https://www.googleapis.com:443 "GET /books/v1/volumes?q=intitle:%E3%81%84%E3%81%A4%E3%81%8B%E6%B1%BD%E7%AC%9B%E3%82%92%E9%B3%B4%E3%82%89%E3%81%97%E3%81%A6+inauthor:%E7%95%91%E5%B1%B1%E5%8D%9A HTTP/1.1" 200 None
2025-01-06 02:43:40,657 - DEBUG - Google Books: No data found for いつか汽笛を鳴らして by 畑山博
2025-01-06 02:43:40,680 - DEBUG - Starting new HTTPS connection (1): iss.ndl.go.jp:443
2025-01-06 02:43:40,776 - DEBUG - https://iss.ndl.go.jp:443 "GET /api/opensearch?cnt=20&dpid=iss-ndl-opac&title=%E3%81%84%E3%81%A4%E3%81%8B%E6%B1%BD%E7%AC%9B%E3%82%92%E9%B3%B4%E3%82%89%E3%81%97%E3%81%A6&creator=%E7%95%91%E5%B1%B1%E5%8D%9A HTTP/1.1" 303 0
2025-01-06 02:43:40,777 - DEBUG - Starting new HTTPS connection (1): ndlsearch.ndl.go.jp:443
2025-01-06 02:43:40,987 - DEBUG - https://ndlsearch.ndl.go.jp:443 "GET /api/opensearch?cnt=20&dpid=iss-ndl-opac&title=%E3%81%84%E3%81%A4%E3%81%8B%E6%B1%BD%E7%AC%9B%E3%82%92%E9%B3%B4%E3%82%89%E3%81%97%E3%81%A6&creator=%E7%95%91%E5%B1%B1%E5%8D%9A HTTP/1.1" 200 None
2025-01-06 02:43:42,001 - DEBUG - Starting new HTTPS connection (1): api.openbd.jp:443
2025-01-06 02:43:42,042 - DEBUG - https://api.openbd.jp:443 "GET /v1/get?json=%5B%7B%22title%22:%22%E3%81%8A%E3%81%84%E3%81%97%E3%81%84%E3%81%94%E3%81%AF%E3%82%93%E3%81%8C%E9%A3%9F%E3%81%B9%E3%82%89%E3%82%8C%E3%81%BE%E3%81%99%E3%82%88%E3%81%86%E3%81%AB%22,%22author%22:%22%E9%AB%98%E7%80%AC%E9%9A%BC%E5%AD%90%22%7D%5D HTTP/1.1" 200 None
2025-01-06 02:43:42,043 - DEBUG - OpenBD: No data found for おいしいごはんが食べられますように by 高瀬隼子
2025-01-06 02:43:42,045 - DEBUG - Starting new HTTPS connection (1): www.googleapis.com:443
2025-01-06 02:43:42,623 - DEBUG - https://www.googleapis.com:443 "GET /books/v1/volumes?q=intitle:%E3%81%8A%E3%81%84%E3%81%97%E3%81%84%E3%81%94%E3%81%AF%E3%82%93%E3%81%8C%E9%A3%9F%E3%81%B9%E3%82%89%E3%82%8C%E3%81%BE%E3%81%99%E3%82%88%E3%81%86%E3%81%AB+inauthor:%E9%AB%98%E7%80%AC%E9%9A%BC%E5%AD%90 HTTP/1.1" 200 None
2025-01-06 02:43:42,628 - DEBUG - Starting new HTTPS connection (1): iss.ndl.go.jp:443
2025-01-06 02:43:42,707 - DEBUG - https://iss.ndl.go.jp:443 "GET /api/opensearch?cnt=20&dpid=iss-ndl-opac&title=%E3%81%8A%E3%81%84%E3%81%97%E3%81%84%E3%81%94%E3%81%AF%E3%82%93%E3%81%8C%E9%A3%9F%E3%81%B9%E3%82%89%E3%82%8C%E3%81%BE%E3%81%99%E3%82%88%E3%81%86%E3%81%AB&creator=%E9%AB%98%E7%80%AC%E9%9A%BC%E5%AD%90 HTTP/1.1" 303 0
2025-01-06 02:43:42,716 - DEBUG - Starting new HTTPS connection (1): ndlsearch.ndl.go.jp:443
2025-01-06 02:43:43,227 - DEBUG - https://ndlsearch.ndl.go.jp:443 "GET /api/opensearch?cnt=20&dpid=iss-ndl-opac&title=%E3%81%8A%E3%81%84%E3%81%97%E3%81%84%E3%81%94%E3%81%AF%E3%82%93%E3%81%8C%E9%A3%9F%E3%81%B9%E3%82%89%E3%82%8C%E3%81%BE%E3%81%99%E3%82%88%E3%81%86%E3%81%AB&creator=%E9%AB%98%E7%80%AC%E9%9A%BC%E5%AD%90 HTTP/1.1" 200 None
2025-01-06 02:43:44,238 - DEBUG - Starting new HTTPS connection (1): api.openbd.jp:443
2025-01-06 02:43:44,286 - DEBUG - https://api.openbd.jp:443 "GET /v1/get?json=%5B%7B%22title%22:%22%E3%81%8A%E3%81%A1%E3%81%8F%E3%81%BC%E5%A7%AB%22,%22author%22:%22%E7%94%B0%E8%BE%BA%E8%81%96%E5%AD%90%22%7D%5D HTTP/1.1" 200 None
2025-01-06 02:43:44,287 - DEBUG - OpenBD: No data found for おちくぼ姫 by 田辺聖子
2025-01-06 02:43:44,289 - DEBUG - Starting new HTTPS connection (1): www.googleapis.com:443
2025-01-06 02:43:44,706 - DEBUG - https://www.googleapis.com:443 "GET /books/v1/volumes?q=intitle:%E3%81%8A%E3%81%A1%E3%81%8F%E3%81%BC%E5%A7%AB+inauthor:%E7%94%B0%E8%BE%BA%E8%81%96%E5%AD%90 HTTP/1.1" 200 None
2025-01-06 02:43:44,708 - DEBUG - Google Books: No data found for おちくぼ姫 by 田辺聖子
2025-01-06 02:43:44,711 - DEBUG - Starting new HTTPS connection (1): iss.ndl.go.jp:443
2025-01-06 02:43:44,788 - DEBUG - https://iss.ndl.go.jp:443 "GET /api/opensearch?cnt=20&dpid=iss-ndl-opac&title=%E3%81%8A%E3%81%A1%E3%81%8F%E3%81%BC%E5%A7%AB&creator=%E7%94%B0%E8%BE%BA%E8%81%96%E5%AD%90 HTTP/1.1" 303 0
2025-01-06 02:43:44,789 - DEBUG - Starting new HTTPS connection (1): ndlsearch.ndl.go.jp:443
2025-01-06 02:43:44,954 - DEBUG - https://ndlsearch.ndl.go.jp:443 "GET /api/opensearch?cnt=20&dpid=iss-ndl-opac&title=%E3%81%8A%E3%81%A1%E3%81%8F%E3%81%BC%E5%A7%AB&creator=%E7%94%B0%E8%BE%BA%E8%81%96%E5%AD%90 HTTP/1.1" 200 None
2025-01-06 02:43:46,001 - DEBUG - Starting new HTTPS connection (1): api.openbd.jp:443
2025-01-06 02:43:46,050 - DEBUG - https://api.openbd.jp:443 "GET /v1/get?json=%5B%7B%22title%22:%22%E3%81%8A%E3%81%A9%E3%82%8B%E3%81%A7%E3%81%8F%22,%22author%22:%22%E5%AE%A4%E4%BA%95%E5%85%89%E5%BA%83%22%7D%5D HTTP/1.1" 200 None
2025-01-06 02:43:46,051 - DEBUG - OpenBD: No data found for おどるでく by 室井光広
2025-01-06 02:43:46,053 - DEBUG - Starting new HTTPS connection (1): www.googleapis.com:443
2025-01-06 02:43:46,636 - DEBUG - https://www.googleapis.com:443 "GET /books/v1/volumes?q=intitle:%E3%81%8A%E3%81%A9%E3%82%8B%E3%81%A7%E3%81%8F+inauthor:%E5%AE%A4%E4%BA%95%E5%85%89%E5%BA%83 HTTP/1.1" 200 None
2025-01-06 02:43:46,637 - INFO - Google Books: Found ISBN-10 4122073839
2025-01-06 02:43:47,647 - DEBUG - Starting new HTTPS connection (1): api.openbd.jp:443
2025-01-06 02:43:47,691 - DEBUG - https://api.openbd.jp:443 "GET /v1/get?json=%5B%7B%22title%22:%22%E3%81%8A%E3%82%89%E3%81%8A%E3%82%89%E3%81%A7%E3%81%B2%E3%81%A8%E3%82%8A%E3%81%84%E3%81%90%E3%82%82%22,%22author%22:%22%E8%8B%A5%E7%AB%B9%E5%8D%83%E4%BD%90%E5%AD%90%22%7D%5D HTTP/1.1" 200 None
2025-01-06 02:43:47,694 - DEBUG - OpenBD: No data found for おらおらでひとりいぐも by 若竹千佐子
2025-01-06 02:43:47,718 - DEBUG - Starting new HTTPS connection (1): www.googleapis.com:443
2025-01-06 02:43:48,346 - DEBUG - https://www.googleapis.com:443 "GET /books/v1/volumes?q=intitle:%E3%81%8A%E3%82%89%E3%81%8A%E3%82%89%E3%81%A7%E3%81%B2%E3%81%A8%E3%82%8A%E3%81%84%E3%81%90%E3%82%82+inauthor:%E8%8B%A5%E7%AB%B9%E5%8D%83%E4%BD%90%E5%AD%90 HTTP/1.1" 200 None
2025-01-06 02:43:48,347 - INFO - Google Books: Found ISBN-10 4309026370
2025-01-06 02:43:49,354 - DEBUG - Starting new HTTPS connection (1): api.openbd.jp:443
2025-01-06 02:43:49,395 - DEBUG - https://api.openbd.jp:443 "GET /v1/get?json=%5B%7B%22title%22:%22%E3%81%8A%E5%90%9F%E3%81%95%E3%81%BE%22,%22author%22:%22%E4%BB%8A%E6%9D%B1%E5%85%89%22%7D%5D HTTP/1.1" 200 None
2025-01-06 02:43:49,396 - DEBUG - OpenBD: No data found for お吟さま by 今東光
2025-01-06 02:43:49,399 - DEBUG - Starting new HTTPS connection (1): www.googleapis.com:443
2025-01-06 02:43:49,821 - DEBUG - https://www.googleapis.com:443 "GET /books/v1/volumes?q=intitle:%E3%81%8A%E5%90%9F%E3%81%95%E3%81%BE+inauthor:%E4%BB%8A%E6%9D%B1%E5%85%89 HTTP/1.1" 200 None
2025-01-06 02:43:49,822 - DEBUG - Google Books: No data found for お吟さま by 今東光
2025-01-06 02:43:49,823 - DEBUG - Starting new HTTPS connection (1): iss.ndl.go.jp:443
2025-01-06 02:43:49,935 - DEBUG - https://iss.ndl.go.jp:443 "GET /api/opensearch?cnt=20&dpid=iss-ndl-opac&title=%E3%81%8A%E5%90%9F%E3%81%95%E3%81%BE&creator=%E4%BB%8A%E6%9D%B1%E5%85%89 HTTP/1.1" 303 0
2025-01-06 02:43:49,935 - DEBUG - Starting new HTTPS connection (1): ndlsearch.ndl.go.jp:443
2025-01-06 02:43:50,071 - DEBUG - https://ndlsearch.ndl.go.jp:443 "GET /api/opensearch?cnt=20&dpid=iss-ndl-opac&title=%E3%81%8A%E5%90%9F%E3%81%95%E3%81%BE&creator=%E4%BB%8A%E6%9D%B1%E5%85%89 HTTP/1.1" 200 None
2025-01-06 02:43:51,078 - DEBUG - Starting new HTTPS connection (1): api.openbd.jp:443
2025-01-06 02:43:51,124 - DEBUG - https://api.openbd.jp:443 "GET /v1/get?json=%5B%7B%22title%22:%22%E3%81%8B%E3%81%8C%E3%81%BF%E3%81%AE%E5%AD%A4%E5%9F%8E%22,%22author%22:%22%E8%BE%BB%E6%9D%91%E6%B7%B1%E6%9C%88%22%7D%5D HTTP/1.1" 200 None
2025-01-06 02:43:51,125 - DEBUG - OpenBD: No data found for かがみの孤城 by 辻村深月
2025-01-06 02:43:51,126 - DEBUG - Starting new HTTPS connection (1): www.googleapis.com:443
2025-01-06 02:43:51,630 - DEBUG - https://www.googleapis.com:443 "GET /books/v1/volumes?q=intitle:%E3%81%8B%E3%81%8C%E3%81%BF%E3%81%AE%E5%AD%A4%E5%9F%8E+inauthor:%E8%BE%BB%E6%9D%91%E6%B7%B1%E6%9C%88 HTTP/1.1" 200 None
2025-01-06 02:43:51,634 - INFO - Google Books: Found ISBN-10 4591153320
2025-01-06 02:43:52,683 - DEBUG - Starting new HTTPS connection (1): api.openbd.jp:443
2025-01-06 02:43:52,725 - DEBUG - https://api.openbd.jp:443 "GET /v1/get?json=%5B%7B%22title%22:%22%E3%81%8D%E3%81%93%E3%81%A8%E3%82%8F%22,%22author%22:%22%E6%9C%9D%E5%90%B9%E7%9C%9F%E7%90%86%E5%AD%90%22%7D%5D HTTP/1.1" 200 None
2025-01-06 02:43:52,726 - DEBUG - OpenBD: No data found for きことわ by 朝吹真理子
2025-01-06 02:43:52,729 - DEBUG - Starting new HTTPS connection (1): www.googleapis.com:443
2025-01-06 02:43:53,213 - DEBUG - https://www.googleapis.com:443 "GET /books/v1/volumes?q=intitle:%E3%81%8D%E3%81%93%E3%81%A8%E3%82%8F+inauthor:%E6%9C%9D%E5%90%B9%E7%9C%9F%E7%90%86%E5%AD%90 HTTP/1.1" 200 None
2025-01-06 02:43:53,214 - INFO - Google Books: Found ISBN-10 4101251819
2025-01-06 02:43:54,222 - DEBUG - Starting new HTTPS connection (1): api.openbd.jp:443
2025-01-06 02:43:54,261 - DEBUG - https://api.openbd.jp:443 "GET /v1/get?json=%5B%7B%22title%22:%22%E3%81%8D%E3%82%8C%E3%81%8E%E3%82%8C%22,%22author%22:%22%E7%94%BA%E7%94%B0%E5%BA%B7%22%7D%5D HTTP/1.1" 200 None
2025-01-06 02:43:54,262 - DEBUG - OpenBD: No data found for きれぎれ by 町田康
2025-01-06 02:43:54,264 - DEBUG - Starting new HTTPS connection (1): www.googleapis.com:443
2025-01-06 02:43:54,798 - DEBUG - https://www.googleapis.com:443 "GET /books/v1/volumes?q=intitle:%E3%81%8D%E3%82%8C%E3%81%8E%E3%82%8C+inauthor:%E7%94%BA%E7%94%B0%E5%BA%B7 HTTP/1.1" 200 None
2025-01-06 02:43:54,803 - DEBUG - Starting new HTTPS connection (1): iss.ndl.go.jp:443
2025-01-06 02:43:54,879 - DEBUG - https://iss.ndl.go.jp:443 "GET /api/opensearch?cnt=20&dpid=iss-ndl-opac&title=%E3%81%8D%E3%82%8C%E3%81%8E%E3%82%8C&creator=%E7%94%BA%E7%94%B0%E5%BA%B7 HTTP/1.1" 303 0
2025-01-06 02:43:54,887 - DEBUG - Starting new HTTPS connection (1): ndlsearch.ndl.go.jp:443
2025-01-06 02:43:55,194 - DEBUG - https://ndlsearch.ndl.go.jp:443 "GET /api/opensearch?cnt=20&dpid=iss-ndl-opac&title=%E3%81%8D%E3%82%8C%E3%81%8E%E3%82%8C&creator=%E7%94%BA%E7%94%B0%E5%BA%B7 HTTP/1.1" 200 None
2025-01-06 02:43:56,262 - DEBUG - Starting new HTTPS connection (1): api.openbd.jp:443
2025-01-06 02:43:56,311 - DEBUG - https://api.openbd.jp:443 "GET /v1/get?json=%5B%7B%22title%22:%22%E3%81%93%E3%81%AE%E4%B8%96%E3%81%AE%E5%96%9C%E3%81%B3%E3%82%88%22,%22author%22:%22%E4%BA%95%E6%88%B8%E5%B7%9D%E5%B0%84%E5%AD%90%22%7D%5D HTTP/1.1" 200 None
2025-01-06 02:43:56,315 - DEBUG - OpenBD: No data found for この世の喜びよ by 井戸川射子
2025-01-06 02:43:56,318 - DEBUG - Starting new HTTPS connection (1): www.googleapis.com:443
2025-01-06 02:43:57,562 - DEBUG - https://www.googleapis.com:443 "GET /books/v1/volumes?q=intitle:%E3%81%93%E3%81%AE%E4%B8%96%E3%81%AE%E5%96%9C%E3%81%B3%E3%82%88+inauthor:%E4%BA%95%E6%88%B8%E5%B7%9D%E5%B0%84%E5%AD%90 HTTP/1.1" 200 None
2025-01-06 02:43:57,567 - DEBUG - Starting new HTTPS connection (1): iss.ndl.go.jp:443
2025-01-06 02:43:57,643 - DEBUG - https://iss.ndl.go.jp:443 "GET /api/opensearch?cnt=20&dpid=iss-ndl-opac&title=%E3%81%93%E3%81%AE%E4%B8%96%E3%81%AE%E5%96%9C%E3%81%B3%E3%82%88&creator=%E4%BA%95%E6%88%B8%E5%B7%9D%E5%B0%84%E5%AD%90 HTTP/1.1" 303 0
2025-01-06 02:43:57,646 - DEBUG - Starting new HTTPS connection (1): ndlsearch.ndl.go.jp:443
2025-01-06 02:43:58,071 - DEBUG - https://ndlsearch.ndl.go.jp:443 "GET /api/opensearch?cnt=20&dpid=iss-ndl-opac&title=%E3%81%93%E3%81%AE%E4%B8%96%E3%81%AE%E5%96%9C%E3%81%B3%E3%82%88&creator=%E4%BA%95%E6%88%B8%E5%B7%9D%E5%B0%84%E5%AD%90 HTTP/1.1" 200 None
2025-01-06 02:43:59,084 - DEBUG - Starting new HTTPS connection (1): api.openbd.jp:443
2025-01-06 02:43:59,132 - DEBUG - https://api.openbd.jp:443 "GET /v1/get?json=%5B%7B%22title%22:%22%E3%81%93%E3%81%AE%E4%BA%BA%E3%81%AE%E9%96%BE%22,%22author%22:%22%E4%BF%9D%E5%9D%82%E5%92%8C%E5%BF%97%22%7D%5D HTTP/1.1" 200 None
2025-01-06 02:43:59,133 - DEBUG - OpenBD: No data found for この人の閾 by 保坂和志
2025-01-06 02:43:59,134 - DEBUG - Starting new HTTPS connection (1): www.googleapis.com:443
2025-01-06 02:43:59,677 - DEBUG - https://www.googleapis.com:443 "GET /books/v1/volumes?q=intitle:%E3%81%93%E3%81%AE%E4%BA%BA%E3%81%AE%E9%96%BE+inauthor:%E4%BF%9D%E5%9D%82%E5%92%8C%E5%BF%97 HTTP/1.1" 200 None
2025-01-06 02:43:59,680 - INFO - Google Books: Found ISBN-10 4103982020
2025-01-06 02:44:00,716 - DEBUG - Starting new HTTPS connection (1): api.openbd.jp:443
2025-01-06 02:44:00,771 - DEBUG - https://api.openbd.jp:443 "GET /v1/get?json=%5B%7B%22title%22:%22%E3%81%93%E3%81%AE%E8%83%B8%E3%81%AB%E6%B7%B1%E3%80%85%E3%81%A8%E7%AA%81%E3%81%8D%E5%88%BA%E3%81%95%E3%82%8B%E7%9F%A2%E3%82%92%E6%8A%9C%E3%81%91%22,%22author%22:%22%E7%99%BD%E7%9F%B3%E4%B8%80%E6%96%87%22%7D%5D HTTP/1.1" 200 None
2025-01-06 02:44:00,775 - DEBUG - OpenBD: No data found for この胸に深々と突き刺さる矢を抜け by 白石一文
2025-01-06 02:44:00,782 - DEBUG - Starting new HTTPS connection (1): www.googleapis.com:443
2025-01-06 02:44:01,370 - DEBUG - https://www.googleapis.com:443 "GET /books/v1/volumes?q=intitle:%E3%81%93%E3%81%AE%E8%83%B8%E3%81%AB%E6%B7%B1%E3%80%85%E3%81%A8%E7%AA%81%E3%81%8D%E5%88%BA%E3%81%95%E3%82%8B%E7%9F%A2%E3%82%92%E6%8A%9C%E3%81%91+inauthor:%E7%99%BD%E7%9F%B3%E4%B8%80%E6%96%87 HTTP/1.1" 200 None
2025-01-06 02:44:01,370 - INFO - Google Books: Found ISBN-10 4062771152
2025-01-06 02:44:02,377 - DEBUG - Starting new HTTPS connection (1): api.openbd.jp:443
2025-01-06 02:44:02,434 - DEBUG - https://api.openbd.jp:443 "GET /v1/get?json=%5B%7B%22title%22:%22%E3%81%95%E3%82%8C%E3%81%A9%E3%82%8F%E3%82%8C%E3%82%89%E3%81%8C%E6%97%A5%E3%80%85%E2%94%80%E2%94%80%22,%22author%22:%22%E6%9F%B4%E7%94%B0%E7%BF%94%22%7D%5D HTTP/1.1" 200 None
2025-01-06 02:44:02,435 - DEBUG - OpenBD: No data found for されどわれらが日々── by 柴田翔
2025-01-06 02:44:02,436 - DEBUG - Starting new HTTPS connection (1): www.googleapis.com:443
2025-01-06 02:44:02,953 - DEBUG - https://www.googleapis.com:443 "GET /books/v1/volumes?q=intitle:%E3%81%95%E3%82%8C%E3%81%A9%E3%82%8F%E3%82%8C%E3%82%89%E3%81%8C%E6%97%A5%E3%80%85%E2%94%80%E2%94%80+inauthor:%E6%9F%B4%E7%94%B0%E7%BF%94 HTTP/1.1" 200 None
2025-01-06 02:44:02,957 - DEBUG - Starting new HTTPS connection (1): iss.ndl.go.jp:443
2025-01-06 02:44:03,039 - DEBUG - https://iss.ndl.go.jp:443 "GET /api/opensearch?cnt=20&dpid=iss-ndl-opac&title=%E3%81%95%E3%82%8C%E3%81%A9%E3%82%8F%E3%82%8C%E3%82%89%E3%81%8C%E6%97%A5%E3%80%85%E2%94%80%E2%94%80&creator=%E6%9F%B4%E7%94%B0%E7%BF%94 HTTP/1.1" 303 0
2025-01-06 02:44:03,041 - DEBUG - Starting new HTTPS connection (1): ndlsearch.ndl.go.jp:443
2025-01-06 02:44:03,753 - DEBUG - https://ndlsearch.ndl.go.jp:443 "GET /api/opensearch?cnt=20&dpid=iss-ndl-opac&title=%E3%81%95%E3%82%8C%E3%81%A9%E3%82%8F%E3%82%8C%E3%82%89%E3%81%8C%E6%97%A5%E3%80%85%E2%94%80%E2%94%80&creator=%E6%9F%B4%E7%94%B0%E7%BF%94 HTTP/1.1" 200 None
2025-01-06 02:44:04,766 - DEBUG - Starting new HTTPS connection (1): api.openbd.jp:443
2025-01-06 02:44:04,804 - DEBUG - https://api.openbd.jp:443 "GET /v1/get?json=%5B%7B%22title%22:%22%E3%81%97%E3%82%87%E3%81%A3%E3%81%B1%E3%81%84%E3%83%89%E3%83%A9%E3%82%A4%E3%83%96%22,%22author%22:%22%E5%A4%A7%E9%81%93%E7%8F%A0%E8%B2%B4%22%7D%5D HTTP/1.1" 200 None
2025-01-06 02:44:04,805 - DEBUG - OpenBD: No data found for しょっぱいドライブ by 大道珠貴
2025-01-06 02:44:04,836 - DEBUG - Starting new HTTPS connection (1): www.googleapis.com:443
2025-01-06 02:44:05,446 - DEBUG - https://www.googleapis.com:443 "GET /books/v1/volumes?q=intitle:%E3%81%97%E3%82%87%E3%81%A3%E3%81%B1%E3%81%84%E3%83%89%E3%83%A9%E3%82%A4%E3%83%96+inauthor:%E5%A4%A7%E9%81%93%E7%8F%A0%E8%B2%B4 HTTP/1.1" 200 None
2025-01-06 02:44:05,451 - DEBUG - Starting new HTTPS connection (1): iss.ndl.go.jp:443
2025-01-06 02:44:05,522 - DEBUG - https://iss.ndl.go.jp:443 "GET /api/opensearch?cnt=20&dpid=iss-ndl-opac&title=%E3%81%97%E3%82%87%E3%81%A3%E3%81%B1%E3%81%84%E3%83%89%E3%83%A9%E3%82%A4%E3%83%96&creator=%E5%A4%A7%E9%81%93%E7%8F%A0%E8%B2%B4 HTTP/1.1" 303 0
2025-01-06 02:44:05,523 - DEBUG - Starting new HTTPS connection (1): ndlsearch.ndl.go.jp:443
2025-01-06 02:44:06,561 - DEBUG - https://ndlsearch.ndl.go.jp:443 "GET /api/opensearch?cnt=20&dpid=iss-ndl-opac&title=%E3%81%97%E3%82%87%E3%81%A3%E3%81%B1%E3%81%84%E3%83%89%E3%83%A9%E3%82%A4%E3%83%96&creator=%E5%A4%A7%E9%81%93%E7%8F%A0%E8%B2%B4 HTTP/1.1" 200 None
2025-01-06 02:44:07,575 - DEBUG - Starting new HTTPS connection (1): api.openbd.jp:443
2025-01-06 02:44:07,671 - DEBUG - https://api.openbd.jp:443 "GET /v1/get?json=%5B%7B%22title%22:%22%E3%81%97%E3%82%8D%E3%81%8C%E3%81%AD%E3%81%AE%E8%91%89%22,%22author%22:%22%E5%8D%83%E6%97%A9%E8%8C%9C%22%7D%5D HTTP/1.1" 200 None
2025-01-06 02:44:07,672 - DEBUG - OpenBD: No data found for しろがねの葉 by 千早茜
2025-01-06 02:44:07,674 - DEBUG - Starting new HTTPS connection (1): www.googleapis.com:443
2025-01-06 02:44:08,212 - DEBUG - https://www.googleapis.com:443 "GET /books/v1/volumes?q=intitle:%E3%81%97%E3%82%8D%E3%81%8C%E3%81%AD%E3%81%AE%E8%91%89+inauthor:%E5%8D%83%E6%97%A9%E8%8C%9C HTTP/1.1" 200 None
2025-01-06 02:44:08,218 - DEBUG - Starting new HTTPS connection (1): iss.ndl.go.jp:443
2025-01-06 02:44:08,297 - DEBUG - https://iss.ndl.go.jp:443 "GET /api/opensearch?cnt=20&dpid=iss-ndl-opac&title=%E3%81%97%E3%82%8D%E3%81%8C%E3%81%AD%E3%81%AE%E8%91%89&creator=%E5%8D%83%E6%97%A9%E8%8C%9C HTTP/1.1" 303 0
2025-01-06 02:44:08,299 - DEBUG - Starting new HTTPS connection (1): ndlsearch.ndl.go.jp:443
2025-01-06 02:44:08,519 - DEBUG - https://ndlsearch.ndl.go.jp:443 "GET /api/opensearch?cnt=20&dpid=iss-ndl-opac&title=%E3%81%97%E3%82%8D%E3%81%8C%E3%81%AD%E3%81%AE%E8%91%89&creator=%E5%8D%83%E6%97%A9%E8%8C%9C HTTP/1.1" 200 None
2025-01-06 02:44:09,531 - DEBUG - Starting new HTTPS connection (1): api.openbd.jp:443
2025-01-06 02:44:09,602 - DEBUG - https://api.openbd.jp:443 "GET /v1/get?json=%5B%7B%22title%22:%22%E3%81%97%E3%82%93%E3%81%9B%E3%81%8B%E3%81%84%22,%22author%22:%22%E5%B1%B1%E4%B8%8B%E6%BE%84%E4%BA%BA%22%7D%5D HTTP/1.1" 200 None
2025-01-06 02:44:09,608 - DEBUG - OpenBD: No data found for しんせかい by 山下澄人
2025-01-06 02:44:09,612 - DEBUG - Starting new HTTPS connection (1): www.googleapis.com:443
2025-01-06 02:44:10,140 - DEBUG - https://www.googleapis.com:443 "GET /books/v1/volumes?q=intitle:%E3%81%97%E3%82%93%E3%81%9B%E3%81%8B%E3%81%84+inauthor:%E5%B1%B1%E4%B8%8B%E6%BE%84%E4%BA%BA HTTP/1.1" 200 None
2025-01-06 02:44:10,141 - INFO - Google Books: Found ISBN-10 4101015813
2025-01-06 02:44:11,151 - DEBUG - Starting new HTTPS connection (1): api.openbd.jp:443
2025-01-06 02:44:11,233 - DEBUG - https://api.openbd.jp:443 "GET /v1/get?json=%5B%7B%22title%22:%22%E3%81%9D%E3%81%97%E3%81%A6%E3%80%81%E3%83%90%E3%83%88%E3%83%B3%E3%81%AF%E6%B8%A1%E3%81%95%E3%82%8C%E3%81%9F%22,%22author%22:%22%E7%80%AC%E5%B0%BE%E3%81%BE%E3%81%84%E3%81%93%22%7D%5D HTTP/1.1" 200 None
2025-01-06 02:44:11,233 - DEBUG - OpenBD: No data found for そして、バトンは渡された by 瀬尾まいこ
2025-01-06 02:44:11,234 - DEBUG - Starting new HTTPS connection (1): www.googleapis.com:443
2025-01-06 02:44:11,760 - DEBUG - https://www.googleapis.com:443 "GET /books/v1/volumes?q=intitle:%E3%81%9D%E3%81%97%E3%81%A6%E3%80%81%E3%83%90%E3%83%88%E3%83%B3%E3%81%AF%E6%B8%A1%E3%81%95%E3%82%8C%E3%81%9F+inauthor:%E7%80%AC%E5%B0%BE%E3%81%BE%E3%81%84%E3%81%93 HTTP/1.1" 200 None
2025-01-06 02:44:11,762 - DEBUG - Starting new HTTPS connection (1): iss.ndl.go.jp:443
2025-01-06 02:44:11,831 - DEBUG - https://iss.ndl.go.jp:443 "GET /api/opensearch?cnt=20&dpid=iss-ndl-opac&title=%E3%81%9D%E3%81%97%E3%81%A6%E3%80%81%E3%83%90%E3%83%88%E3%83%B3%E3%81%AF%E6%B8%A1%E3%81%95%E3%82%8C%E3%81%9F&creator=%E7%80%AC%E5%B0%BE%E3%81%BE%E3%81%84%E3%81%93 HTTP/1.1" 303 0
2025-01-06 02:44:11,832 - DEBUG - Starting new HTTPS connection (1): ndlsearch.ndl.go.jp:443
2025-01-06 02:44:12,513 - DEBUG - https://ndlsearch.ndl.go.jp:443 "GET /api/opensearch?cnt=20&dpid=iss-ndl-opac&title=%E3%81%9D%E3%81%97%E3%81%A6%E3%80%81%E3%83%90%E3%83%88%E3%83%B3%E3%81%AF%E6%B8%A1%E3%81%95%E3%82%8C%E3%81%9F&creator=%E7%80%AC%E5%B0%BE%E3%81%BE%E3%81%84%E3%81%93 HTTP/1.1" 200 None
2025-01-06 02:44:13,525 - DEBUG - Starting new HTTPS connection (1): api.openbd.jp:443
2025-01-06 02:44:13,564 - DEBUG - https://api.openbd.jp:443 "GET /v1/get?json=%5B%7B%22title%22:%22%E3%81%9D%E3%82%8C%E3%81%9E%E3%82%8C%E3%81%AE%E7%B5%82%E6%A5%BD%E7%AB%A0%22,%22author%22:%22%E9%98%BF%E9%83%A8%E7%89%A7%E9%83%8E%22%7D%5D HTTP/1.1" 200 None
2025-01-06 02:44:13,564 - DEBUG - OpenBD: No data found for それぞれの終楽章 by 阿部牧郎
2025-01-06 02:44:13,566 - DEBUG - Starting new HTTPS connection (1): www.googleapis.com:443
2025-01-06 02:44:14,018 - DEBUG - https://www.googleapis.com:443 "GET /books/v1/volumes?q=intitle:%E3%81%9D%E3%82%8C%E3%81%9E%E3%82%8C%E3%81%AE%E7%B5%82%E6%A5%BD%E7%AB%A0+inauthor:%E9%98%BF%E9%83%A8%E7%89%A7%E9%83%8E HTTP/1.1" 200 None
2025-01-06 02:44:14,019 - DEBUG - Google Books: No data found for それぞれの終楽章 by 阿部牧郎
2025-01-06 02:44:14,020 - DEBUG - Starting new HTTPS connection (1): iss.ndl.go.jp:443
2025-01-06 02:44:14,126 - DEBUG - https://iss.ndl.go.jp:443 "GET /api/opensearch?cnt=20&dpid=iss-ndl-opac&title=%E3%81%9D%E3%82%8C%E3%81%9E%E3%82%8C%E3%81%AE%E7%B5%82%E6%A5%BD%E7%AB%A0&creator=%E9%98%BF%E9%83%A8%E7%89%A7%E9%83%8E HTTP/1.1" 303 0
2025-01-06 02:44:14,127 - DEBUG - Starting new HTTPS connection (1): ndlsearch.ndl.go.jp:443
2025-01-06 02:44:14,365 - DEBUG - https://ndlsearch.ndl.go.jp:443 "GET /api/opensearch?cnt=20&dpid=iss-ndl-opac&title=%E3%81%9D%E3%82%8C%E3%81%9E%E3%82%8C%E3%81%AE%E7%B5%82%E6%A5%BD%E7%AB%A0&creator=%E9%98%BF%E9%83%A8%E7%89%A7%E9%83%8E HTTP/1.1" 200 None
2025-01-06 02:44:15,373 - DEBUG - Starting new HTTPS connection (1): api.openbd.jp:443
2025-01-06 02:44:15,411 - DEBUG - https://api.openbd.jp:443 "GET /v1/get?json=%5B%7B%22title%22:%22%E3%81%A4%E3%81%BE%E3%82%92%E3%82%81%E3%81%A8%E3%82%89%E3%81%B0%22,%22author%22:%22%E9%9D%92%E5%B1%B1%E6%96%87%E5%B9%B3%22%7D%5D HTTP/1.1" 200 None
2025-01-06 02:44:15,412 - DEBUG - OpenBD: No data found for つまをめとらば by 青山文平
2025-01-06 02:44:15,413 - DEBUG - Starting new HTTPS connection (1): www.googleapis.com:443
2025-01-06 02:44:15,995 - DEBUG - https://www.googleapis.com:443 "GET /books/v1/volumes?q=intitle:%E3%81%A4%E3%81%BE%E3%82%92%E3%82%81%E3%81%A8%E3%82%89%E3%81%B0+inauthor:%E9%9D%92%E5%B1%B1%E6%96%87%E5%B9%B3 HTTP/1.1" 200 None
2025-01-06 02:44:15,997 - INFO - Google Books: Found ISBN-10 4865965335
2025-01-06 02:44:17,017 - DEBUG - Starting new HTTPS connection (1): api.openbd.jp:443
2025-01-06 02:44:17,058 - DEBUG - https://api.openbd.jp:443 "GET /v1/get?json=%5B%7B%22title%22:%22%E3%81%A6%E3%82%93%E3%81%AE%E3%81%98%E6%9D%91%22,%22author%22:%22%E9%9B%A3%E6%B3%A2%E5%88%A9%E4%B8%89%22%7D%5D HTTP/1.1" 200 None
2025-01-06 02:44:17,060 - DEBUG - OpenBD: No data found for てんのじ村 by 難波利三
2025-01-06 02:44:17,062 - DEBUG - Starting new HTTPS connection (1): www.googleapis.com:443
2025-01-06 02:44:17,583 - DEBUG - https://www.googleapis.com:443 "GET /books/v1/volumes?q=intitle:%E3%81%A6%E3%82%93%E3%81%AE%E3%81%98%E6%9D%91+inauthor:%E9%9B%A3%E6%B3%A2%E5%88%A9%E4%B8%89 HTTP/1.1" 200 None
2025-01-06 02:44:17,588 - DEBUG - Starting new HTTPS connection (1): iss.ndl.go.jp:443
2025-01-06 02:44:17,670 - DEBUG - https://iss.ndl.go.jp:443 "GET /api/opensearch?cnt=20&dpid=iss-ndl-opac&title=%E3%81%A6%E3%82%93%E3%81%AE%E3%81%98%E6%9D%91&creator=%E9%9B%A3%E6%B3%A2%E5%88%A9%E4%B8%89 HTTP/1.1" 303 0
2025-01-06 02:44:17,671 - DEBUG - Starting new HTTPS connection (1): ndlsearch.ndl.go.jp:443
2025-01-06 02:44:18,350 - DEBUG - https://ndlsearch.ndl.go.jp:443 "GET /api/opensearch?cnt=20&dpid=iss-ndl-opac&title=%E3%81%A6%E3%82%93%E3%81%AE%E3%81%98%E6%9D%91&creator=%E9%9B%A3%E6%B3%A2%E5%88%A9%E4%B8%89 HTTP/1.1" 200 None
2025-01-06 02:44:19,369 - DEBUG - Starting new HTTPS connection (1): api.openbd.jp:443
2025-01-06 02:44:19,425 - DEBUG - https://api.openbd.jp:443 "GET /v1/get?json=%5B%7B%22title%22:%22%E3%81%A8%E3%82%82%E3%81%90%E3%81%84%22,%22author%22:%22%E6%B2%B3%E5%B4%8E%E7%A7%8B%E5%AD%90%22%7D%5D HTTP/1.1" 200 None
2025-01-06 02:44:19,434 - DEBUG - OpenBD: No data found for ともぐい by 河崎秋子
2025-01-06 02:44:19,469 - DEBUG - Starting new HTTPS connection (1): www.googleapis.com:443
2025-01-06 02:44:20,004 - DEBUG - https://www.googleapis.com:443 "GET /books/v1/volumes?q=intitle:%E3%81%A8%E3%82%82%E3%81%90%E3%81%84+inauthor:%E6%B2%B3%E5%B4%8E%E7%A7%8B%E5%AD%90 HTTP/1.1" 200 None
2025-01-06 02:44:20,006 - INFO - Google Books: Found ISBN-10 4103553413
2025-01-06 02:44:21,011 - DEBUG - Starting new HTTPS connection (1): api.openbd.jp:443
2025-01-06 02:44:21,050 - DEBUG - https://api.openbd.jp:443 "GET /v1/get?json=%5B%7B%22title%22:%22%E3%81%AA%E3%81%84%E4%BB%95%E4%BA%8B%E3%81%AE%E4%BD%9C%E3%82%8A%E6%96%B9%22,%22author%22:%22%E3%81%BF%E3%81%86%E3%82%89%E3%81%98%E3%82%85%E3%82%93%22%7D%5D HTTP/1.1" 200 None
2025-01-06 02:44:21,051 - DEBUG - OpenBD: No data found for ない仕事の作り方 by みうらじゅん
2025-01-06 02:44:21,053 - DEBUG - Starting new HTTPS connection (1): www.googleapis.com:443
2025-01-06 02:44:21,635 - DEBUG - https://www.googleapis.com:443 "GET /books/v1/volumes?q=intitle:%E3%81%AA%E3%81%84%E4%BB%95%E4%BA%8B%E3%81%AE%E4%BD%9C%E3%82%8A%E6%96%B9+inauthor:%E3%81%BF%E3%81%86%E3%82%89%E3%81%98%E3%82%85%E3%82%93 HTTP/1.1" 200 None
2025-01-06 02:44:21,640 - DEBUG - Starting new HTTPS connection (1): iss.ndl.go.jp:443
2025-01-06 02:44:21,715 - DEBUG - https://iss.ndl.go.jp:443 "GET /api/opensearch?cnt=20&dpid=iss-ndl-opac&title=%E3%81%AA%E3%81%84%E4%BB%95%E4%BA%8B%E3%81%AE%E4%BD%9C%E3%82%8A%E6%96%B9&creator=%E3%81%BF%E3%81%86%E3%82%89%E3%81%98%E3%82%85%E3%82%93 HTTP/1.1" 303 0
2025-01-06 02:44:21,718 - DEBUG - Starting new HTTPS connection (1): ndlsearch.ndl.go.jp:443
2025-01-06 02:44:22,135 - DEBUG - https://ndlsearch.ndl.go.jp:443 "GET /api/opensearch?cnt=20&dpid=iss-ndl-opac&title=%E3%81%AA%E3%81%84%E4%BB%95%E4%BA%8B%E3%81%AE%E4%BD%9C%E3%82%8A%E6%96%B9&creator=%E3%81%BF%E3%81%86%E3%82%89%E3%81%98%E3%82%85%E3%82%93 HTTP/1.1" 200 None
2025-01-06 02:44:23,142 - DEBUG - Starting new HTTPS connection (1): api.openbd.jp:443
2025-01-06 02:44:23,200 - DEBUG - https://api.openbd.jp:443 "GET /v1/get?json=%5B%7B%22title%22:%22%E3%81%AF%E3%81%90%E3%82%8C%E5%BF%B5%E4%BB%8F%22,%22author%22:%22%E5%AF%BA%E5%86%85%E5%A4%A7%E5%90%89%22%7D%5D HTTP/1.1" 200 None
2025-01-06 02:44:23,511 - DEBUG - OpenBD: No data found for はぐれ念仏 by 寺内大吉
2025-01-06 02:44:23,813 - DEBUG - Starting new HTTPS connection (1): www.googleapis.com:443
